<?xml version="1.0" encoding="UTF-8"?>
<testsuite xmlns:xsi="http://www.w3.org/2001/XMLSchema-instance" xsi:noNamespaceSchemaLocation="https://maven.apache.org/surefire/maven-surefire-plugin/xsd/surefire-test-report.xsd" version="3.0.2" name="com.gildedrose.GildedRoseTest" time="0.068" tests="13" errors="0" skipped="0" failures="0">
  <properties>
    <property name="java.specification.version" value="21"/>
    <property name="sun.cpu.isalist" value="amd64"/>
    <property name="sun.jnu.encoding" value="Cp1252"/>
    <property name="java.class.path" value="C:\sendai\gilded-rose-spring-v2\target\test-classes;C:\sendai\gilded-rose-spring-v2\target\classes;C:\Users\ivann\.m2\repository\org\springframework\boot\spring-boot-starter\3.5.6\spring-boot-starter-3.5.6.jar;C:\Users\ivann\.m2\repository\org\springframework\boot\spring-boot\3.5.6\spring-boot-3.5.6.jar;C:\Users\ivann\.m2\repository\org\springframework\spring-context\6.2.11\spring-context-6.2.11.jar;C:\Users\ivann\.m2\repository\org\springframework\spring-aop\6.2.11\spring-aop-6.2.11.jar;C:\Users\ivann\.m2\repository\org\springframework\spring-beans\6.2.11\spring-beans-6.2.11.jar;C:\Users\ivann\.m2\repository\org\springframework\spring-expression\6.2.11\spring-expression-6.2.11.jar;C:\Users\ivann\.m2\repository\io\micrometer\micrometer-observation\1.15.4\micrometer-observation-1.15.4.jar;C:\Users\ivann\.m2\repository\io\micrometer\micrometer-commons\1.15.4\micrometer-commons-1.15.4.jar;C:\Users\ivann\.m2\repository\org\springframework\boot\spring-boot-autoconfigure\3.5.6\spring-boot-autoconfigure-3.5.6.jar;C:\Users\ivann\.m2\repository\org\springframework\boot\spring-boot-starter-logging\3.5.6\spring-boot-starter-logging-3.5.6.jar;C:\Users\ivann\.m2\repository\ch\qos\logback\logback-classic\1.5.18\logback-classic-1.5.18.jar;C:\Users\ivann\.m2\repository\ch\qos\logback\logback-core\1.5.18\logback-core-1.5.18.jar;C:\Users\ivann\.m2\repository\org\apache\logging\log4j\log4j-to-slf4j\2.24.3\log4j-to-slf4j-2.24.3.jar;C:\Users\ivann\.m2\repository\org\apache\logging\log4j\log4j-api\2.24.3\log4j-api-2.24.3.jar;C:\Users\ivann\.m2\repository\org\slf4j\jul-to-slf4j\2.0.17\jul-to-slf4j-2.0.17.jar;C:\Users\ivann\.m2\repository\jakarta\annotation\jakarta.annotation-api\2.1.1\jakarta.annotation-api-2.1.1.jar;C:\Users\ivann\.m2\repository\org\springframework\spring-core\6.2.11\spring-core-6.2.11.jar;C:\Users\ivann\.m2\repository\org\springframework\spring-jcl\6.2.11\spring-jcl-6.2.11.jar;C:\Users\ivann\.m2\repository\org\yaml\snakeyaml\2.4\snakeyaml-2.4.jar;C:\Users\ivann\.m2\repository\org\springframework\boot\spring-boot-starter-test\3.5.6\spring-boot-starter-test-3.5.6.jar;C:\Users\ivann\.m2\repository\org\springframework\boot\spring-boot-test\3.5.6\spring-boot-test-3.5.6.jar;C:\Users\ivann\.m2\repository\org\springframework\boot\spring-boot-test-autoconfigure\3.5.6\spring-boot-test-autoconfigure-3.5.6.jar;C:\Users\ivann\.m2\repository\com\jayway\jsonpath\json-path\2.9.0\json-path-2.9.0.jar;C:\Users\ivann\.m2\repository\org\slf4j\slf4j-api\2.0.17\slf4j-api-2.0.17.jar;C:\Users\ivann\.m2\repository\jakarta\xml\bind\jakarta.xml.bind-api\4.0.2\jakarta.xml.bind-api-4.0.2.jar;C:\Users\ivann\.m2\repository\jakarta\activation\jakarta.activation-api\2.1.4\jakarta.activation-api-2.1.4.jar;C:\Users\ivann\.m2\repository\net\minidev\json-smart\2.5.2\json-smart-2.5.2.jar;C:\Users\ivann\.m2\repository\net\minidev\accessors-smart\2.5.2\accessors-smart-2.5.2.jar;C:\Users\ivann\.m2\repository\org\ow2\asm\asm\9.7.1\asm-9.7.1.jar;C:\Users\ivann\.m2\repository\org\assertj\assertj-core\3.27.4\assertj-core-3.27.4.jar;C:\Users\ivann\.m2\repository\net\bytebuddy\byte-buddy\1.17.7\byte-buddy-1.17.7.jar;C:\Users\ivann\.m2\repository\org\awaitility\awaitility\4.2.2\awaitility-4.2.2.jar;C:\Users\ivann\.m2\repository\org\hamcrest\hamcrest\3.0\hamcrest-3.0.jar;C:\Users\ivann\.m2\repository\org\junit\jupiter\junit-jupiter\5.12.2\junit-jupiter-5.12.2.jar;C:\Users\ivann\.m2\repository\org\junit\jupiter\junit-jupiter-api\5.12.2\junit-jupiter-api-5.12.2.jar;C:\Users\ivann\.m2\repository\org\opentest4j\opentest4j\1.3.0\opentest4j-1.3.0.jar;C:\Users\ivann\.m2\repository\org\junit\platform\junit-platform-commons\1.12.2\junit-platform-commons-1.12.2.jar;C:\Users\ivann\.m2\repository\org\apiguardian\apiguardian-api\1.1.2\apiguardian-api-1.1.2.jar;C:\Users\ivann\.m2\repository\org\junit\jupiter\junit-jupiter-params\5.12.2\junit-jupiter-params-5.12.2.jar;C:\Users\ivann\.m2\repository\org\junit\jupiter\junit-jupiter-engine\5.12.2\junit-jupiter-engine-5.12.2.jar;C:\Users\ivann\.m2\repository\org\junit\platform\junit-platform-engine\1.12.2\junit-platform-engine-1.12.2.jar;C:\Users\ivann\.m2\repository\org\mockito\mockito-core\5.17.0\mockito-core-5.17.0.jar;C:\Users\ivann\.m2\repository\net\bytebuddy\byte-buddy-agent\1.17.7\byte-buddy-agent-1.17.7.jar;C:\Users\ivann\.m2\repository\org\objenesis\objenesis\3.3\objenesis-3.3.jar;C:\Users\ivann\.m2\repository\org\mockito\mockito-junit-jupiter\5.17.0\mockito-junit-jupiter-5.17.0.jar;C:\Users\ivann\.m2\repository\org\skyscreamer\jsonassert\1.5.3\jsonassert-1.5.3.jar;C:\Users\ivann\.m2\repository\com\vaadin\external\google\android-json\0.0.20131108.vaadin1\android-json-0.0.20131108.vaadin1.jar;C:\Users\ivann\.m2\repository\org\springframework\spring-test\6.2.11\spring-test-6.2.11.jar;C:\Users\ivann\.m2\repository\org\xmlunit\xmlunit-core\2.10.4\xmlunit-core-2.10.4.jar;C:\Users\ivann\.m2\repository\org\projectlombok\lombok\1.18.34\lombok-1.18.34.jar;"/>
    <property name="java.vm.vendor" value="Oracle Corporation"/>
    <property name="sun.arch.data.model" value="64"/>
    <property name="user.variant" value=""/>
    <property name="java.vendor.url" value="https://java.oracle.com/"/>
    <property name="user.timezone" value="Europe/Bucharest"/>
    <property name="os.name" value="Windows 10"/>
    <property name="java.vm.specification.version" value="21"/>
    <property name="sun.java.launcher" value="SUN_STANDARD"/>
    <property name="user.country" value="US"/>
    <property name="sun.boot.library.path" value="C:\install\Java\jdk-21\bin"/>
    <property name="sun.java.command" value="C:\Users\ivann\AppData\Local\Temp\surefire2574794887823762353\surefirebooter-20250925000307096_3.jar C:\Users\ivann\AppData\Local\Temp\surefire2574794887823762353 2025-09-25T00-03-06_859-jvmRun1 surefire-20250925000307096_1tmp surefire_0-20250925000307096_2tmp"/>
    <property name="jdk.debug" value="release"/>
    <property name="surefire.test.class.path" value="C:\sendai\gilded-rose-spring-v2\target\test-classes;C:\sendai\gilded-rose-spring-v2\target\classes;C:\Users\ivann\.m2\repository\org\springframework\boot\spring-boot-starter\3.5.6\spring-boot-starter-3.5.6.jar;C:\Users\ivann\.m2\repository\org\springframework\boot\spring-boot\3.5.6\spring-boot-3.5.6.jar;C:\Users\ivann\.m2\repository\org\springframework\spring-context\6.2.11\spring-context-6.2.11.jar;C:\Users\ivann\.m2\repository\org\springframework\spring-aop\6.2.11\spring-aop-6.2.11.jar;C:\Users\ivann\.m2\repository\org\springframework\spring-beans\6.2.11\spring-beans-6.2.11.jar;C:\Users\ivann\.m2\repository\org\springframework\spring-expression\6.2.11\spring-expression-6.2.11.jar;C:\Users\ivann\.m2\repository\io\micrometer\micrometer-observation\1.15.4\micrometer-observation-1.15.4.jar;C:\Users\ivann\.m2\repository\io\micrometer\micrometer-commons\1.15.4\micrometer-commons-1.15.4.jar;C:\Users\ivann\.m2\repository\org\springframework\boot\spring-boot-autoconfigure\3.5.6\spring-boot-autoconfigure-3.5.6.jar;C:\Users\ivann\.m2\repository\org\springframework\boot\spring-boot-starter-logging\3.5.6\spring-boot-starter-logging-3.5.6.jar;C:\Users\ivann\.m2\repository\ch\qos\logback\logback-classic\1.5.18\logback-classic-1.5.18.jar;C:\Users\ivann\.m2\repository\ch\qos\logback\logback-core\1.5.18\logback-core-1.5.18.jar;C:\Users\ivann\.m2\repository\org\apache\logging\log4j\log4j-to-slf4j\2.24.3\log4j-to-slf4j-2.24.3.jar;C:\Users\ivann\.m2\repository\org\apache\logging\log4j\log4j-api\2.24.3\log4j-api-2.24.3.jar;C:\Users\ivann\.m2\repository\org\slf4j\jul-to-slf4j\2.0.17\jul-to-slf4j-2.0.17.jar;C:\Users\ivann\.m2\repository\jakarta\annotation\jakarta.annotation-api\2.1.1\jakarta.annotation-api-2.1.1.jar;C:\Users\ivann\.m2\repository\org\springframework\spring-core\6.2.11\spring-core-6.2.11.jar;C:\Users\ivann\.m2\repository\org\springframework\spring-jcl\6.2.11\spring-jcl-6.2.11.jar;C:\Users\ivann\.m2\repository\org\yaml\snakeyaml\2.4\snakeyaml-2.4.jar;C:\Users\ivann\.m2\repository\org\springframework\boot\spring-boot-starter-test\3.5.6\spring-boot-starter-test-3.5.6.jar;C:\Users\ivann\.m2\repository\org\springframework\boot\spring-boot-test\3.5.6\spring-boot-test-3.5.6.jar;C:\Users\ivann\.m2\repository\org\springframework\boot\spring-boot-test-autoconfigure\3.5.6\spring-boot-test-autoconfigure-3.5.6.jar;C:\Users\ivann\.m2\repository\com\jayway\jsonpath\json-path\2.9.0\json-path-2.9.0.jar;C:\Users\ivann\.m2\repository\org\slf4j\slf4j-api\2.0.17\slf4j-api-2.0.17.jar;C:\Users\ivann\.m2\repository\jakarta\xml\bind\jakarta.xml.bind-api\4.0.2\jakarta.xml.bind-api-4.0.2.jar;C:\Users\ivann\.m2\repository\jakarta\activation\jakarta.activation-api\2.1.4\jakarta.activation-api-2.1.4.jar;C:\Users\ivann\.m2\repository\net\minidev\json-smart\2.5.2\json-smart-2.5.2.jar;C:\Users\ivann\.m2\repository\net\minidev\accessors-smart\2.5.2\accessors-smart-2.5.2.jar;C:\Users\ivann\.m2\repository\org\ow2\asm\asm\9.7.1\asm-9.7.1.jar;C:\Users\ivann\.m2\repository\org\assertj\assertj-core\3.27.4\assertj-core-3.27.4.jar;C:\Users\ivann\.m2\repository\net\bytebuddy\byte-buddy\1.17.7\byte-buddy-1.17.7.jar;C:\Users\ivann\.m2\repository\org\awaitility\awaitility\4.2.2\awaitility-4.2.2.jar;C:\Users\ivann\.m2\repository\org\hamcrest\hamcrest\3.0\hamcrest-3.0.jar;C:\Users\ivann\.m2\repository\org\junit\jupiter\junit-jupiter\5.12.2\junit-jupiter-5.12.2.jar;C:\Users\ivann\.m2\repository\org\junit\jupiter\junit-jupiter-api\5.12.2\junit-jupiter-api-5.12.2.jar;C:\Users\ivann\.m2\repository\org\opentest4j\opentest4j\1.3.0\opentest4j-1.3.0.jar;C:\Users\ivann\.m2\repository\org\junit\platform\junit-platform-commons\1.12.2\junit-platform-commons-1.12.2.jar;C:\Users\ivann\.m2\repository\org\apiguardian\apiguardian-api\1.1.2\apiguardian-api-1.1.2.jar;C:\Users\ivann\.m2\repository\org\junit\jupiter\junit-jupiter-params\5.12.2\junit-jupiter-params-5.12.2.jar;C:\Users\ivann\.m2\repository\org\junit\jupiter\junit-jupiter-engine\5.12.2\junit-jupiter-engine-5.12.2.jar;C:\Users\ivann\.m2\repository\org\junit\platform\junit-platform-engine\1.12.2\junit-platform-engine-1.12.2.jar;C:\Users\ivann\.m2\repository\org\mockito\mockito-core\5.17.0\mockito-core-5.17.0.jar;C:\Users\ivann\.m2\repository\net\bytebuddy\byte-buddy-agent\1.17.7\byte-buddy-agent-1.17.7.jar;C:\Users\ivann\.m2\repository\org\objenesis\objenesis\3.3\objenesis-3.3.jar;C:\Users\ivann\.m2\repository\org\mockito\mockito-junit-jupiter\5.17.0\mockito-junit-jupiter-5.17.0.jar;C:\Users\ivann\.m2\repository\org\skyscreamer\jsonassert\1.5.3\jsonassert-1.5.3.jar;C:\Users\ivann\.m2\repository\com\vaadin\external\google\android-json\0.0.20131108.vaadin1\android-json-0.0.20131108.vaadin1.jar;C:\Users\ivann\.m2\repository\org\springframework\spring-test\6.2.11\spring-test-6.2.11.jar;C:\Users\ivann\.m2\repository\org\xmlunit\xmlunit-core\2.10.4\xmlunit-core-2.10.4.jar;C:\Users\ivann\.m2\repository\org\projectlombok\lombok\1.18.34\lombok-1.18.34.jar;"/>
    <property name="sun.cpu.endian" value="little"/>
    <property name="user.home" value="C:\Users\ivann"/>
    <property name="user.language" value="en"/>
    <property name="java.specification.vendor" value="Oracle Corporation"/>
    <property name="java.version.date" value="2024-07-16"/>
    <property name="java.home" value="C:\install\Java\jdk-21"/>
    <property name="file.separator" value="\"/>
    <property name="basedir" value="C:\sendai\gilded-rose-spring-v2"/>
    <property name="java.vm.compressedOopsMode" value="Zero based"/>
    <property name="line.separator" value="&#10;"/>
    <property name="java.vm.specification.vendor" value="Oracle Corporation"/>
    <property name="java.specification.name" value="Java Platform API Specification"/>
    <property name="surefire.real.class.path" value="C:\Users\ivann\AppData\Local\Temp\surefire2574794887823762353\surefirebooter-20250925000307096_3.jar"/>
    <property name="user.script" value=""/>
    <property name="sun.management.compiler" value="HotSpot 64-Bit Tiered Compilers"/>
    <property name="java.runtime.version" value="21.0.4+8-LTS-274"/>
    <property name="user.name" value="ivann"/>
    <property name="stdout.encoding" value="Cp1252"/>
    <property name="path.separator" value=";"/>
    <property name="os.version" value="10.0"/>
    <property name="java.runtime.name" value="Java(TM) SE Runtime Environment"/>
    <property name="file.encoding" value="UTF-8"/>
    <property name="java.vm.name" value="Java HotSpot(TM) 64-Bit Server VM"/>
    <property name="localRepository" value="C:\Users\ivann\.m2\repository"/>
    <property name="java.vendor.url.bug" value="https://bugreport.java.com/bugreport/"/>
    <property name="java.io.tmpdir" value="C:\Users\ivann\AppData\Local\Temp\"/>
    <property name="idea.version" value="2024.1.4"/>
    <property name="java.version" value="21.0.4"/>
    <property name="user.dir" value="C:\sendai\gilded-rose-spring-v2"/>
    <property name="os.arch" value="amd64"/>
    <property name="java.vm.specification.name" value="Java Virtual Machine Specification"/>
    <property name="sun.os.patch.level" value=""/>
    <property name="native.encoding" value="Cp1252"/>
    <property name="java.library.path" value="C:\install\Java\jdk-21\bin;C:\Windows\Sun\Java\bin;C:\Windows\system32;C:\Windows;C:\windows10_iso\ThinstuffXPVSServer-1.0.968\;C:\Program Files (x86)\Common Files\Intel\Shared Libraries\redist\intel64\compiler;C:\Program Files\Common Files\Oracle\Java\javapath;C:\Windows\system32;C:\Windows;C:\Windows\System32\Wbem;C:\Windows\System32\WindowsPowerShell\v1.0\;C:\Windows\System32\OpenSSH\;C:\Program Files\Docker\Docker\resources\bin;C:\flutter\flutter\bin;C:\Program Files (x86)\Windows Kits\10\Windows Performance Toolkit\;C:\install\MicrosoftVSCode\bin;C:\ProgramData\chocolatey\bin;C:\Program Files\Mullvad VPN\resources;C:\Program Files\PowerShell\7\;C:\install\Tesseract-OCR;C:\Program Files\nodejs;C:\install\nodejs\;C:\Program Files\dotnet\;C:\Program Files\MySQL\MySQL Shell 8.0\bin\;C:\Users\ivann\AppData\Local\Programs\Python\Python313\Scripts\;C:\Users\ivann\AppData\Local\Programs\Python\Python313\;C:\Users\ivann\AppData\Local\Programs\Python\Launcher\;C:\install\anaconda31;C:\install\anaconda31\Library\mingw-w64\bin;C:\install\anaconda31\Library\usr\bin;C:\install\anaconda31\Library\bin;C:\install\anaconda31\Scripts;C:\Users\ivann\AppData\Local\Microsoft\WindowsApps;C:\install\gradle-8.9\bin;C:\flutter\flutter\bin;C:\Users\ivann\AppData\Local\Google\Cloud SDK\google-cloud-sdk\bin;C:\go7\jdk\jdk-17.0.1\bin;C:\maven\apache-maven-3.9.9\bin;C:\Users\ivann\AppData\Local\Android\Sdk;C:\Users\ivann\AppData\Local\Android\Sdk\platform-tools;C:\install\kind;C:\chocolatery\tools;C:\Program Files\nodejs;C:\install\OpenSSL\bin;C:\install\nodejs;C:\Users\ivann\AppData\Roaming\npm;C:\go7\tomcat_v11\apache-tomcat-9.0.70\bin;C:\Program Files\Git\cmd\git.exe;C:\Windows\System32;;."/>
    <property name="java.vm.info" value="mixed mode, sharing"/>
    <property name="stderr.encoding" value="Cp1252"/>
    <property name="java.vendor" value="Oracle Corporation"/>
    <property name="java.vm.version" value="21.0.4+8-LTS-274"/>
    <property name="sun.io.unicode.encoding" value="UnicodeLittle"/>
    <property name="java.class.version" value="65.0"/>
  </properties>
  <testcase name="backstage_plus3_when_5_or_less" classname="com.gildedrose.GildedRoseTest" time="0.011">
    <system-out><![CDATA[name,    sellIn,   quality
Backstage passes to a TAFKAL80ETC concert, 5, 25
]]></system-out>
  </testcase>
  <testcase name="sulfuras_never_changes_and_quality_stays_80" classname="com.gildedrose.GildedRoseTest" time="0.003">
    <system-out><![CDATA[name,    sellIn,   quality
Sulfuras, Hand of Ragnaros, 0, 80
name,    sellIn,   quality
Sulfuras, Hand of Ragnaros, 0, 80
name,    sellIn,   quality
Sulfuras, Hand of Ragnaros, 0, 80
]]></system-out>
  </testcase>
  <testcase name="normalItem_degrades_by_1_before_sell_date" classname="com.gildedrose.GildedRoseTest" time="0.002">
    <system-out><![CDATA[name,    sellIn,   quality
Normal Item, 5, 10
]]></system-out>
  </testcase>
  <testcase name="agedBrie_increases_and_capped_at_50" classname="com.gildedrose.GildedRoseTest" time="0.003">
    <system-out><![CDATA[name,    sellIn,   quality
Aged Brie, 2, 49
name,    sellIn,   quality
Aged Brie, 1, 50
]]></system-out>
  </testcase>
  <testcase name="quality_never_above_50_except_sulfuras" classname="com.gildedrose.GildedRoseTest" time="0.002">
    <system-out><![CDATA[name,    sellIn,   quality
Aged Brie, 1, 50
Sulfuras, Hand of Ragnaros, 5, 80
name,    sellIn,   quality
Aged Brie, 0, 50
Sulfuras, Hand of Ragnaros, 5, 80
]]></system-out>
  </testcase>
  <testcase name="backstage_increases_as_concert_approaches" classname="com.gildedrose.GildedRoseTest" time="0.003">
    <system-out><![CDATA[name,    sellIn,   quality
Backstage passes to a TAFKAL80ETC concert, 15, 20
]]></system-out>
  </testcase>
  <testcase name="normalItem_degrades_by_2_after_sell_date" classname="com.gildedrose.GildedRoseTest" time="0.002">
    <system-out><![CDATA[name,    sellIn,   quality
Normal Item, 0, 10
]]></system-out>
  </testcase>
  <testcase name="backstage_plus2_when_10_or_less" classname="com.gildedrose.GildedRoseTest" time="0.002">
    <system-out><![CDATA[name,    sellIn,   quality
Backstage passes to a TAFKAL80ETC concert, 10, 25
]]></system-out>
  </testcase>
  <testcase name="conjured_degrades_twice_as_fast_before_sell_date" classname="com.gildedrose.GildedRoseTest" time="0.005">
    <system-out><![CDATA[name,    sellIn,   quality
Conjured Mana Cake, 3, 10
]]></system-out>
  </testcase>
  <testcase name="quality_never_negative" classname="com.gildedrose.GildedRoseTest" time="0.004">
    <system-out><![CDATA[name,    sellIn,   quality
Normal Item, 0, 0
name,    sellIn,   quality
Normal Item, -1, 0
name,    sellIn,   quality
Normal Item, -2, 0
]]></system-out>
  </testcase>
  <testcase name="backstage_drops_to_zero_after_concert" classname="com.gildedrose.GildedRoseTest" time="0.002">
    <system-out><![CDATA[name,    sellIn,   quality
Backstage passes to a TAFKAL80ETC concert, 0, 40
]]></system-out>
  </testcase>
  <testcase name="conjured_degrades_four_after_sell_date" classname="com.gildedrose.GildedRoseTest" time="0.003">
    <system-out><![CDATA[name,    sellIn,   quality
Conjured Mana Cake, 0, 10
]]></system-out>
  </testcase>
  <testcase name="agedBrie_increases_twice_after_sell_date" classname="com.gildedrose.GildedRoseTest" time="0.003">
    <system-out><![CDATA[name,    sellIn,   quality
Aged Brie, 0, 10
]]></system-out>
  </testcase>
</testsuite>